<?xml version="1.0" encoding="UTF-8"?>
<!-- Generated by org.testng.reporters.JUnitReportReporter -->
<testsuite hostname="DESKTOP-AL3F4AA" name="org.test.lanch.Excel" tests="1" failures="0" timestamp="7 Dec 2021 12:35:24 GMT" time="0.046" errors="0">
  <testcase name="back" time="0.046" classname="org.test.lanch.Excel"/>
</testsuite> <!-- org.test.lanch.Excel -->
