<?xml version="1.0" encoding="UTF-8"?>
<!-- Generated by org.testng.reporters.JUnitReportReporter -->
<testsuite hostname="DESKTOP-AL3F4AA" name="test.org.ClassA" tests="3" failures="0" timestamp="7 Dec 2021 14:05:53 GMT" time="44.514" errors="0">
  <testcase name="test3" time="1.223" classname="test.org.ClassA"/>
  <testcase name="test2" time="1.947" classname="test.org.ClassA"/>
  <testcase name="test1" time="41.344" classname="test.org.ClassA"/>
</testsuite> <!-- test.org.ClassA -->
